
                                      ARENA Simulation Results
                                CoE IT Support - License: 2957005153

                                  Summary for Replication 1 of 1

Project: Unnamed Project                                             Run execution date : 2/18/2015
Analyst: College of Engineering                                      Model revision date: 2/18/2015

Replication ended at time      : 60.0 Minutes 
Base Time Units: Minutes

                                           TALLY VARIABLES

Identifier                                  Average   Half Width  Minimum    Maximum   Observations
___________________________________________________________________________________________________

Entity 1.VATime                             2.5534     (Insuf)    .07226     6.6348         23    
Entity 1.NVATime                            .00000     (Insuf)    .00000     .00000         23    
Entity 1.WaitTime                           .00000     (Insuf)    .00000     .00000         23    
Entity 1.TranTime                           .00000     (Insuf)    .00000     .00000         23    
Entity 1.OtherTime                          .00000     (Insuf)    .00000     .00000         23    
Entity 1.TotalTime                          2.5534     (Insuf)    .07226     6.6348         23    

                                     DISCRETE-CHANGE VARIABLES

Identifier                                  Average   Half Width  Minimum    Maximum   Final Value
___________________________________________________________________________________________________

Entity 1.WIP                                1.0000     (Insuf)    .00000     2.0000     1.0000    

                                             OUTPUTS

Identifier                                   Value
_____________________________________________________________

Entity 1.NumberIn                           24.000    
Entity 1.NumberOut                          23.000    
System.NumberOut                            23.000    


Simulation run time: 0.02 minutes.
Simulation run complete.
