Build started 8/19/2014 12:18:13 PM.
     1>Project "L:\Summer Projects\Source\HOG+SVM\HogSvmDetection\HogSvmDetection.vcxproj" on node 2 (Build target(s)).
     1>ClCompile:
         C:\Program Files (x86)\Microsoft Visual Studio 12.0\VC\bin\CL.exe /c /ZI /nologo /W3 /WX- /Od /Oy- /D WIN32 /D _DEBUG /D _CONSOLE /D _CRT_SECURE_NO_WARNINGS /D _UNICODE /D UNICODE /Gm /EHsc /RTC1 /MDd /GS /fp:precise /Zc:wchar_t /Zc:forScope /Fo"Debug\\" /Fd"Debug\vc120.pdb" /Gd /TP /analyze- /errorReport:prompt HogSvmDetection.cpp HogSvmDetector.cpp HogSvmDetectorTool.cpp Miscellaneous.cpp TvSVM.cpp
         TvSVM.cpp
         Miscellaneous.cpp
         HogSvmDetectorTool.cpp
         HogSvmDetector.cpp
         HogSvmDetection.cpp
         Generating Code...
       Link:
         C:\Program Files (x86)\Microsoft Visual Studio 12.0\VC\bin\link.exe /ERRORREPORT:PROMPT /OUT:"L:\Summer Projects\Source\HOG+SVM\HogSvmDetection\Debug\HogSvmDetection.exe" /INCREMENTAL /NOLOGO Winmm.lib opencv_core249d.lib opencv_highgui249d.lib opencv_imgproc249d.lib opencv_ml249d.lib opencv_objdetect249d.lib kernel32.lib user32.lib gdi32.lib winspool.lib comdlg32.lib advapi32.lib shell32.lib ole32.lib oleaut32.lib uuid.lib odbc32.lib odbccp32.lib /MANIFEST /MANIFESTUAC:"level='asInvoker' uiAccess='false'" /manifest:embed /DEBUG /PDB:"L:\Summer Projects\Source\HOG+SVM\HogSvmDetection\Debug\HogSvmDetection.pdb" /SUBSYSTEM:CONSOLE /TLBID:1 /DYNAMICBASE /NXCOMPAT /IMPLIB:"L:\Summer Projects\Source\HOG+SVM\HogSvmDetection\Debug\HogSvmDetection.lib" /MACHINE:X86 Debug\HogSvmDetection.obj
         Debug\HogSvmDetector.obj
         Debug\HogSvmDetectorTool.obj
         Debug\Miscellaneous.obj
         Debug\TvSVM.obj
         HogSvmDetection.vcxproj -> L:\Summer Projects\Source\HOG+SVM\HogSvmDetection\Debug\HogSvmDetection.exe
     1>Done Building Project "L:\Summer Projects\Source\HOG+SVM\HogSvmDetection\HogSvmDetection.vcxproj" (Build target(s)).

Build succeeded.

Time Elapsed 00:00:04.86
