l:\summer projects\source\hog+svm\hogsvmdetection\debug\miscellaneous.obj
l:\summer projects\source\hog+svm\hogsvmdetection\debug\vc100.pdb
l:\summer projects\source\hog+svm\hogsvmdetection\debug\hogsvmdetection.obj
l:\summer projects\source\hog+svm\hogsvmdetection\debug\hogsvmdetector.obj
l:\summer projects\source\hog+svm\hogsvmdetection\debug\hogsvmdetectortool.obj
l:\summer projects\source\hog+svm\hogsvmdetection\debug\tvsvm.obj
l:\summer projects\source\hog+svm\hogsvmdetection\debug\hogsvmdetection.ilk
l:\summer projects\source\hog+svm\hogsvmdetection\debug\hogsvmdetection.exe
l:\summer projects\source\hog+svm\hogsvmdetection\debug\hogsvmdetection.exe.intermediate.manifest
l:\summer projects\source\hog+svm\hogsvmdetection\debug\hogsvmdetection.pdb
l:\summer projects\source\hog+svm\hogsvmdetection\debug\hogsvmdetection.exe.embed.manifest
l:\summer projects\source\hog+svm\hogsvmdetection\debug\hogsvmdetection.exe.embed.manifest.res
l:\summer projects\source\hog+svm\hogsvmdetection\debug\vc120.pdb
l:\summer projects\source\hog+svm\hogsvmdetection\debug\vc120.idb
l:\summer projects\source\hog+svm\hogsvmdetection\debug\hogsvmdetection.vcxprojresolveassemblyreference.cache
l:\summer projects\source\hog+svm\hogsvmdetection\debug\cl.command.1.tlog
l:\summer projects\source\hog+svm\hogsvmdetection\debug\cl.read.1.tlog
l:\summer projects\source\hog+svm\hogsvmdetection\debug\cl.write.1.tlog
l:\summer projects\source\hog+svm\hogsvmdetection\debug\hogsvmdetection.write.1.tlog
l:\summer projects\source\hog+svm\hogsvmdetection\debug\link-cvtres.read.1.tlog
l:\summer projects\source\hog+svm\hogsvmdetection\debug\link-cvtres.write.1.tlog
l:\summer projects\source\hog+svm\hogsvmdetection\debug\link.12176-cvtres.read.1.tlog
l:\summer projects\source\hog+svm\hogsvmdetection\debug\link.12176-cvtres.write.1.tlog
l:\summer projects\source\hog+svm\hogsvmdetection\debug\link.12176.read.1.tlog
l:\summer projects\source\hog+svm\hogsvmdetection\debug\link.12176.write.1.tlog
l:\summer projects\source\hog+svm\hogsvmdetection\debug\link.command.1.tlog
l:\summer projects\source\hog+svm\hogsvmdetection\debug\link.read.1.tlog
l:\summer projects\source\hog+svm\hogsvmdetection\debug\link.write.1.tlog
l:\summer projects\source\hog+svm\hogsvmdetection\debug\mt.command.1.tlog
l:\summer projects\source\hog+svm\hogsvmdetection\debug\mt.read.1.tlog
l:\summer projects\source\hog+svm\hogsvmdetection\debug\mt.write.1.tlog
l:\summer projects\source\hog+svm\hogsvmdetection\debug\rc.command.1.tlog
l:\summer projects\source\hog+svm\hogsvmdetection\debug\rc.read.1.tlog
l:\summer projects\source\hog+svm\hogsvmdetection\debug\rc.write.1.tlog
l:\summer projects\source\hog+svm\hogsvmdetection\debug\vc100.idb
l:\summer projects\source\hog+svm\hogsvmdetection\debug\hogsvmdetection_manifest.rc
l:\summer projects\source\hog+svm\hogsvmdetection\debug\hogsvmdetection.tlog\cl.command.1.tlog
l:\summer projects\source\hog+svm\hogsvmdetection\debug\hogsvmdetection.tlog\cl.read.1.tlog
l:\summer projects\source\hog+svm\hogsvmdetection\debug\hogsvmdetection.tlog\cl.write.1.tlog
l:\summer projects\source\hog+svm\hogsvmdetection\debug\hogsvmdetection.tlog\link-cvtres.read.1.tlog
l:\summer projects\source\hog+svm\hogsvmdetection\debug\hogsvmdetection.tlog\link-cvtres.write.1.tlog
l:\summer projects\source\hog+svm\hogsvmdetection\debug\hogsvmdetection.tlog\link-rc.read.1.tlog
l:\summer projects\source\hog+svm\hogsvmdetection\debug\hogsvmdetection.tlog\link-rc.write.1.tlog
l:\summer projects\source\hog+svm\hogsvmdetection\debug\hogsvmdetection.tlog\link.command.1.tlog
l:\summer projects\source\hog+svm\hogsvmdetection\debug\hogsvmdetection.tlog\link.read.1.tlog
l:\summer projects\source\hog+svm\hogsvmdetection\debug\hogsvmdetection.tlog\link.write.1.tlog
